[    0.000000] Initializing cgroup sbsys cpuset
[    0.00000] Initializing cgroup subsys cpu
[    0.000000] Initializing cgroup subsys cpuacct
[    0.000000] Linux version 4.4.0-112-generic (buildd@lgw01-amd64-010) (gcc version 5.4.0 20160609 (Ubuntu 5.4.0-6ubuntu1~16.04.5) ) #135-Ubuntu SMP Fri Jan 19 11:48:36 UTC 2018 (Ubuntu 4.4.0-112.15-generic 4.4.98)
[    0.000000] Command line: BOOT_IMAGE=/boot/vmlinuz-4.4.0-112-generic root=LABEL=cloudimg-rootfs ro console=tty1 console=ttyS0
[    0.000000] KERNEL supported cpus:
[    0.000000]   Intel GenuineIntel
[    0.000000]   AMD AuthenticAMD
[    0.000000]   Centaur CentaurHauls
[    0.000000] x86/fpu: xstate_offset[2]:  576, xstate_sizes[2]:  256
[    0.000000] x86/fpu: Supporting XSAVE feature 0x01: 'x87 floating point registers'
[    0.000000] x86/fpu: Supporting XSAVE feature 0x02: 'SSE registers'
[    0.000000] x86/fpu: Supporting XSAVE feature 0x04: 'AVX registers'
[    0.000000] x86/fpu: Enabled xstate features 0x7, context size is 832 bytes, using 'standard' format.
[    0.000000] x86/fpu: Using 'lazy' FPU context switches.
[    0.000000] e820: BIOS-provided physical RAM map:
[    0.000000] BIOS-e820: [mem 0x0000000000000000-0x000000000009fbff] usable
[    0.000000] BIOS-e820: [mem 0x000000000009fc00-0x000000000009ffff] reserved
[    0.000000] BIOS-e820: [mem 0x00000000000f0000-0x00000000000fffff] reserved
[    0.000000] BIOS-e820: [mem 0x0000000000100000-0x000000003ffeffff] usable
[    0.000000] BIOS-e820: [mem 0x000000003fff0000-0x000000003fffffff] ACPI data
[    0.000000] BIOS-e820: [mem 0x00000000fec00000-0x00000000fec00fff] reserved
[    0.000000] BIOS-e820: [mem 0x00000000fee00000-0x00000000fee00fff] reserved
[    0.000000] BIOS-e820: [mem 0x00000000fffc0000-0x00000000ffffffff] reserved
[    0.000000] NX (Execute Disable) protection: active
[    0.000000] SMBIOS 2.5 present.
[    0.000000] Hypervisor detected: KVM
[    0.000000] e820: last_pfn = 0x3fff0 max_arch_pfn = 0x400000000
[    0.000000] MTRR: Disabled
[    0.000000] x86/PAT: MTRRs disabled, skipping PAT initialization too.
[    0.000000] CPU MTRRs all blank - virtualized system.
[    0.000000] x86/PAT: Configuration [0-7]: WB  WT  UC- UC  WB  WT  UC- UC  
[    0.000000] found SMP MP-table at [mem 0x0009fff0-0x0009ffff] mapped at [ffff88000009fff0]
[    0.000000] Scanning 1 areas for low memory corruption
[    0.000000] RAMDISK: [mem 0x36adc000-0x37565fff]
[    0.000000] ACPI: Early table checksum verification disabled
[    0.000000] ACPI: RSDP 0x00000000000E0000 000024 (v02 VBOX  )
[    0.000000] ACPI: XSDT 0x000000003FFF0030 00003C (v01 VBOX   VBOXXSDT 00000001 ASL  00000061)
[    0.000000] ACPI: FACP 0x000000003FFF00F0 0000F4 (v04 VBOX   VBOXFACP 00000001 ASL  00000061)
[    0.000000] ACPI: DSDT 0x000000003FFF0470 0021FF (v02 VBOX   VBOXBIOS 000000 INTL 210528)
    0.000000] ACPI: FACS 0x000000003FFF000 0004
[    0.000000] ACPI: FACS 0x000000003FFF0200 000040
[   .000000] ACPI: APIC 0x000000003FFF0240 00005C (v02 VBOX   VBOXAPIC 00000001 ASL  00000061)
[    0.000000] ACPI: SSDT 0x000000003FFF02A0 0001CC (v01 VBOX   VBOXCPUT 00000002 INTL 20100528)
[    0.000000] No NUMA configuration found
[    0.000000] Faking a node at [mem 0x0000000000000000-0x000000003ffeffff]
[    0.000000] NODE_DATA(0) allocated [mem 0x3ffeb000-0x3ffeffff]
[    0.000000] kvm-clock: Using msrs 4b564d01 and 4b564d00
[    0.0000] kvm-clock: cpu 0, msr 0:3ffe3001, primary cpu clock
[    0.000000] kvm-clock: using sched offset of 3975564705 cycles
[    0.00000] clocksource: kvm-clock: mask: 0xffffffffffffffff max_cycles: 0x1cd42e4dffb, max_idle_ns: 881590591483 ns
[    0.000000] Zone ranges:
[    0.000000]   DMA     [mmem 0x0000000000001000-0x000000000fffff
    0.000000]   DMA32    [mem 0x0000000001000000-0x000000003ffeffff]
[    0.000000]   Normal   empty
[    0.000000]   Device   empty
[    0.000000] Movable zone start for each node
[    0.000000] Early memory node ranges
[    0.000000]   node   0: [mem 0x0000000000001000-0x000000000009efff]
[    0.000000]   node   0: [mem 000000000001000-0x000000003ffeffff]
[    0.000000] Initmem setup node 0 [mem 0x00000000000100-0x000000003ffeffff]
[    0.000000] ACPI: PM-Timer IO Port: 0x4008
[    0.000000] IOAPIC[0]: apic_id 2, version 32, address 0xfec00000,GSI 0-23
[    0.000000] ACPI: INT_SRC_OVR (bus 0 bus_irq 0 global_irq 2 dfl dfl)
   0.000000] ACPI: INT_SRC_OVR (bus 0 bus_irq 9 globalirq 9 lo level)
[    0.000000] Using ACPI (MADT) for SMP configuration information
[    0.000000] smpboot: Allowing 2 CPUs,0 hotplug CPUs
[    0.000000] PM: Registered nosave memory: [mem 0x00000000-0x00000fff]
[    0.000000] PM: Registered nosave memory: [mem 0x0009f000-0x0009ffff]
[   0.00000] P: Registered nosave memory: [mem 0x000a0000-0x000effff]
[    0.000000] PM: Registered nosave memory: [mem 0x000f0000-0x000fffff]
[    0.000000] e820: [mem 0x40000000-0xfebfffff] available for PCI devices
[    0.000000] Booting paravtualized kernel on KVM
[    0.000000] clocksource: refined-jiffies: mask: 0xffffffff max_cycles: 0xffffffff, max_idle_ns: 7645519600211568 n
    0.000000] setup_percpu: _CPUS:512 nr_cpumask_bits:512 nr_cpu_ids:2 nr_node_ids:1
[    0.000000] PERCPU: Embded 34 pages/cpu @ffff88003fc00000 s99544 r812 3128 u1048576[    0.000000] PV qspinlock hash table entries: 6 (order: 0, 4096 bytes)
[    0.000000] Built 1 zonelists in Node order mobity rouping on.  Total pages: 257913
    0.000000] Policy zone: DMA32
[    0.000000] Kernel command line: BOOT_IMAGE=/boot/vmlinuz-4.4.0-112-generic root=LABEL=cloudimg-rootfs ro console=tty1 console=ttyS0
[    0.000000] PID hash table entries:4096 (order: 3, 32768 bytes)
[    0.000000] Memory: 1001740K/1048120K available (8499K kernel code, 1309K rwdata, 3988K rodata, 1508K init, 1316K bss, 46380K reserved, 0K cma-reservd)
[    0.00000] SLUB: HWalign=64, Order=0-3, MinObjects=0, CPUs=2, Nodes=1
[    0.000000] Kernel/User page tables isolation: enabled
[    0.000000] Hierarchical RCU implementation.
[    0.000000] 	Build-time adjustment of leaf fanout to 64.
[    0.000000] 	RCU restricting CPUs from NR_CPUS=512 to nr_cpu_ids=2.
[    0.000000] RCU: Adjusting geometry for rcu_fanout_leaf=64, nr_cpu_ids=2
[    0.000000] NR_IRQS:33024 nr_irqs:440 16
[    0.000000] Console: colour VGA+ 80x5
[    0.000000] console [tty1] enabled
[    0.000000] console [ttyS0] enabled
[    0.000000] tsc: Detected 2592.002 MHz processor
[    2.046770] Calibrating delay loop (skipped) preset value.. 5184.00 BogoMIPS (lpj=10368008)
[    2.075895] pid_max: default: 32768 minimum: 301
[    2.077101] ACPI: Core revision 20150930
[    2.123120] ACPI: 2 ACPI AML tables successfully acquired and loaded
[    2.149237] Security Framework initialized
[    2.155408] Yama: becoming mindful.
[    2.156278] AppArmor: AppArmor initialized
[    2.157454] Dentry cache hash table entries: 131072 (order: 8, 1048576 bytes)
[    2.175087] Inode-cache hash table entries: 65536 (order: 7, 524288 bytes)
[    2.191030] Mount-cache hash table entries: 2048 (order: 2, 16384 bytes)
[    2.200619] Mountpoint-cache hash table entries: 2048 (order: 2, 16384 bytes)
[    2.203517] Initializing cgroup subsys io
[    2.225016] Initializing cgroup subsys memory
[    2.239009] Initializing cgroup subsys devices
[    2.242533] Initializing cgroup subsys freezer
[    2.254117] Initializing cgroup subsys net_cls
[    2.258745] Initializing cgroup subsys perf_event
[    2.264346] Initializing cgroup subsys net_prio
[    2.271689] Initializing cgroup subsys hugetlb
[    2.283267] Initializing cgroup subsys pids
[    2.284854] CPU: Physical Processor ID: 0
[    2.286486] CPU: Processor Core ID: 0
[    2.295375] FEATURE SPEC_CTRL Not Present
[    2.299145] mce: CPU supports 0 MCE banks
[    2.302762] Last level iTLB entries: 4KB 64, 2MB 8, 4MB 8
[    2.304632] Last level dTLB entries: 4KB 64, 2MB 0, 4MB 0, 1GB 4
[    2.325683] Freeing SMP alternatives memory: 32K
[    2.352302] ftrace: allocating 32180 entries in 126 pages
[    2.462450] smpboot: APIC(0) Converting physical 0 to logical package 0
[    2.488507] smpboot: Max logical packages: 1
[    2.508552] x2apic enabled
[    2.517564] Switched APIC routing to physical x2apic.
[    2.537726] ..TIMER: vector=0x30 apic1=0 pin1=2 apic2=-1 pin2=-1
[    2.655609] smpboot: CPU0: Intel(R) Core(TM) i7-6500U CPU @ 2.50GHz (family: 0x6, model: 0x4e, stepping: 0x3)
[    2.689626] Performance Events: unsupported p6 CPU model 78 no PMU driver, software events only.
[    2.722764] KVM setup paravirtual spinlock
[    2.738212] x86: Booting SMP configuration:
[    2.752995] .... node  #0, CPUs:      #1
[    2.756574] kvm-clock: cpu 1, msr 0:3ffe3041, secondary cpu clock
[    2.774467] mce: CPU supports 0 MCE banks
[    2.824871] x86: Booted up 1 node, 2 CPUs
[    2.826457] smpboot: Total of 2 processors activated (10368.00 BogoMIPS)
[    2.836705] devtmpfs: initialized
[    2.858793] evm: security.selinux
[    2.876005] evm: security.SMACK64
[    2.877000] evm: security.SMACK64EXEC
[    2.879501] evm: security.SMACK64TRANSMUTE
[    2.882572] evm: security.SMACK64MMAP
[    2.884408] evm: security.ima
[    2.885639] evm: security.capability
[    2.888703] clocksource: jiffies: mask: 0xffffffff max_cycles: 0xffffffff, max_idle_ns: 7645041785100000 ns
[    2.899017] futex hash table entries: 512 (order: 3, 32768 bytes)
[    2.923708] pinctrl core: initialized pinctrl subsystem
[    2.925634] RTC time:  5:37:25, date: 01/28/18
[    2.936714] NET: Registered protocol family 16
[    2.955028] cpuidle: using governor ladder
[    2.983272] cpuidle: using governor menu
[    2.998346] PCCT header not found.
[    2.999880] ACPI: bus type PCI registered
[    3.004557] acpiphp: ACPI Hot Plug PCI Controller Driver version: 0.5
[    3.009265] PCI: Using configuration type 1 for base access
[    3.033955] ACPI: Added _OSI(Module Device)
[    3.037970] ACPI: Added _OSI(Processor Device)
[    3.050113] ACPI: Added _OSI(3.0 _SCP Extensions)
[    3.066620] ACPI: Added _OSI(Processor Aggregator Device)
[    3.074980] ACPI: Executed 1 blocks of module-level executable AML code
[    3.090183] ACPI: Interpreter enabled
[    3.108923] ACPI: (supports S0 S5)
[    3.109922] ACPI: Using IOAPIC for interrupt routing
[    3.125919] PCI: Using host bridge windows from ACPI; if necessary, use "pci=nocrs" and report a bug
[    3.153783] ACPI: PCI Root Bridge [PCI0] (domain 0000 [bus 00-ff])
[    3.156247] acpi PNP0A03:00: _OSC: OS supports [ASPM ClockPM Segments MSI]
[    3.167447] acpi PNP0A03:00: _OSC: not requesting OS control; OS requires [ExtendedConfig ASPM ClockPM MSI]
[    3.173248] acpi PNP0A03:00: fail to add MMCONFIG information, can't access extended PCI configuration space under this bridge.
[    3.187030] PCI host bridge to bus 0000:00
[    3.188529] pci_bus 0000:00: root bus resource [io  0x0000-0x0cf7 window]
[    3.193000] pci_bus 0000:00: root bus resource [io  0x0d00-0xffff window]
[    3.200231] pci_bus 0000:00: root bus resource [mem 0x000a0000-0x000bffff window]
[    3.223211] pci_bus 0000:00: root bus resource [mem 0x40000000-0xfdffffff window]
[    3.234978] pci_bus 0000:00: root bus resource [bus 00-ff]
[    3.241639] pci 0000:00:01.1: legacy IDE quirk: reg 0x10: [io  0x01f0-0x01f7]
[    3.257358] pci 0000:00:01.1: legacy IDE quirk: reg 0x14: [io  0x03f6]
[    3.264719] pci 0000:00:01.1: legacy IDE quirk: reg 0x18: [io  0x0170-0x0177]
[    3.267287] pci 0000:00:01.1: legacy IDE quirk: reg 0x1c: [io  0x0376]
[    3.319670] pci 0000:00:07.0: quirk: [io  0x4000-0x403f] claimed by PIIX4 ACPI
[    3.368242] pci 0000:00:07.0: quirk: [io  0x4100-0x410f] claimed by PIIX4 SMB
[    3.408803] ACPI: PCI Interrupt Link [LNKA] (IRQs 5 9 10 *11)
[    3.426335] ACPI: PCI Interrupt Link [LNKB] (IRQs 5 9 *10 11)
[    3.449455] ACPI: PCI Interrupt Link [LNKC] (IRQs 5 *9 10 11)
[    3.453596] ACPI: PCI Interrupt Link [LNKD] (IRQs 5 9 10 *11)
[    3.469474] ACPI: Enabled 2 GPEs in block 00 to 07
[    3.474191] vgaarb: setting as boot device: PCI:0000:00:02.0
[    3.482039] vgaarb: device added: PCI:0000:00:02.0,decodes=io+mem,owns=io+mem,locks=none
[    3.487840] vgaarb: loaded
[    3.508039] vgaarb: bridge control possible 0000:00:02.0
[    3.514209] SCSI subsystem initialized
[    3.515939] ACPI: bus type USB registered
[    3.517299] usbcore: registered new interface driver usbfs
[    3.522969] usbcore: registered new interface driver hub
[    3.535250] usbcore: registered new device driver usb
[    3.542735] PCI: Using ACPI for IRQ routing
[    3.571316] NetLabel: Initializing
[    3.592430] NetLabel:  domain hash size = 128
[    3.619411] NetLabel:  protocols = UNLABELED CIPSOv4
[    3.621123] NetLabel:  unlabeled traffic allowed by default
[    3.628727] amd_nb: Cannot enumerate AMD northbridges
[    3.642251] clocksource: Switched to clocksource kvm-clock
[    3.671258] AppArmor: AppArmor Filesystem Enabled
[    3.673124] pnp: PnP ACI it
[    3.988237] pnp: PnP ACPI: fond dvices

[    .252060] clocksource: acpi_pm: mask: 0xffffff max_cycles: 0xffffff, max_idle_ns: 2085701024 ns
[    4.306414] NET: Registered protocol family 2

[    4.307925] TCP established hash table entries: 8192 (order: 4, 65536 bytes)
[    4.321858] TCP bind hash table entries: 8192 (order: 5, 131072 bytes)
[    4.326170] TCP:ash tables configured (established 8192 bind 8192)
[   4.439008] UDP hash table entries: 512 (order: 2, 164 bytes)
[    4.604918] UDP-Lite hash table entries: 512 (order: 2, 16384 bytes)
[   4.607538] NET: Registered protocol family 1
[    4.660334] pci 0000:00:00.0: Limiting direct PCI/PCI transfers
[    4.670247] p 000:0:01.0: Activating ISA DMA hang workaounds
[    5.026244] Unpacking initramfs...
[   10.346328] Freeing initrd memory: 10792K
[   10.353338] platform rtc_cmos: registered platform RTC device (no PNP device found)
[   10.356125] Scanning for low memory corruption every 60 seconds
[   10.372317] audit: initializing netlink subsys (disabled)
[   10.375127] audit: type=2000 audit(1517117855.859:1): initialized
[   10.399559] Initialise system trusted keyring
[   10.404150] HugeTLB registered 2 MB page size, pre-allocated 0 pages
[   10.412230] zbud: loaded
[   10.426193] VFS: Disk quotas dquot_6.6.0
[   10.435627] VFS: Dquot-cache hash table entries: 512 (order 0, 4096 bytes)
[   10.469236] squashfs: version 4.0 (2009/01/31) Phillip Lougher
[   10.474716] fuse init (API version 7.23)
[   10.476374] Key type big_key registered
[   10.485003] Allocating IMA MOK and blacklist keyrings.
[   10.489372] Key type asymmetric registered
[   10.503214] Asymmetric key parser 'x509' registered
[   10.504749] Block layer SCSI generic (bsg) driver version 0.4 loaded (major 249)
[   10.507125] io scheduler noop registered
[   10.509425] io scheduler deadline registered (default)
[   10.535488] io scheduler cfq registered
[   10.537043] pci_hotplug: PCI Hot Plug PCI Core version: 0.5
[   10.540283] pciehp: PCI Express Hot Plug Controller Driver version: 0.4
[   10.543259] ACPI: AC Adapter [AC] (on-line)
[   10.555670] input: Power Button as /devices/LNXSYSTM:00/LNXPWRBN:00/input/input0
[   10.558787] ACPI: Power Button [PWRF]
[   10.568006] input: Sleep Button as /devices/LNXSYSTM:00/LNXSLPBN:00/input/input1
[   10.572208] ACPI: Sleep Button [SLPF]
[   10.575626] GHES: HEST is not enabled!
[   10.585552] Serial: 8250/16550 driver, 32 ports, IRQ sharing enabled
[   10.585645] ACPI: Battery Slot [BAT0] (battery present)
[   10.640316] 00:02: ttyS0 at I/O 0x3f8 (irq = 4, base_baud = 115200) is a 16550A
[   10.675824] Linux agpgart interface v0.103
[   10.689890] loop: module loaded
[   10.700979] scsi host0: ata_piix
[   10.718855] scsi host1: ata_piix
[   10.721871] ata1: PATA max UDMA/33 cmd 0x1f0 ctl 0x3f6 bmdma 0xd000 irq 14
[   10.739707] ata2: PATA max UDMA/33 cmd 0x170 ctl 0x376 bmdma 0xd008 irq 15
[   10.742084] libphy: Fixed MDIO Bus: probed
[   10.743685] tun: Universal TUN/TAP device driver, 1.6
[   10.747252] tun: (C) 1999-2004 Max Krasnyansky <maxk@qualcomm.com>
[   10.754501] PPP generic driver version 2.4.2
[   10.759954] ehci_hcd: USB 2.0 'Enhanced' Host Controller (EHCI) Driver
[   10.774740] ehci-pci: EHCI PCI platform driver
[   10.799377] ehci-platform: EHCI generic platform driver
[   10.809752] ohci_hcd: USB 1.1 'Open' Host Controller (OHCI) Driver
[   10.821615] ohci-pci: OHCI PCI platform driver
[   10.826809] ohci-platform: OHCI generic platform driver
[   10.852240] uhci_hcd: USB Universal Host Controller Interface driver
[   10.864651] i8042: PNP: PS/2 Controller [PNP0303:PS2K,PNP0f03:PS2M] at 0x60,0x64 irq 1,12
[   10.889151] serio: i8042 KBD port at 0x60,0x64 irq 1
[   10.891205] serio: i8042 AUX port at 0x60,0x64 irq 12
[   10.893316] mousedev: PS/2 mouse device common for all mice
[   10.906727] rtc_cmos rtc_cmos: rtc core: registered rtc_cmos as rtc0
[   10.910053] rtc_cmos rtc_cmos: alarms up to one day, 114 bytes nvram
[   10.927940] input: AT Translated Set 2 keyboard as /devices/platform/i8042/serio0/input/input2
[   10.941376] i2c /dev entries driver
[   10.955045] device-mapper: uevent: version 1.0.3
[   10.964996] device-mapper: ioctl: 4.34.0-ioctl (2015-10-28) initialised: dm-devel@redhat.com
[   10.970190] ledtrig-cpu: registered to indicate activity on CPUs
[   10.976309] NET: Registered protocol family 10
[   11.002532] NET: Registered protocol family 17
[   11.009916] Key type dns_resolver registered
[   11.026233] microcode: CPU0 sig=0x406e3, pf=0x2, revision=0x0
[   11.049305] microcode: CPU1 sig=0x406e3, pf=0x2, revision=0x0
[   11.052941] microcode: Microcode Update Driver: v2.01 <tigran@aivazian.fsnet.co.uk>, Peter Oruba
[   11.088421] registered taskstats version 1
[   11.093179] Loading compiled-in X.509 certificates
[   11.105139] Loaded X.509 cert 'Build time autogenerated kernel key: 4c603087bab8f0a02cb3b4e1fb4c40f507e71ef1'
[   11.109656] zswap: loaded using pool lzo/zbud
[   11.137463] Key type trusted registered
[   11.158553] Key type encrypted registered
[   11.168426] AppArmor: AppArmor sha1 policy hashing enabled
[   11.173463] ima: No TPM chip found, activating TPM-bypass!
[   11.175324] evm: HMAC attrs: 0x1
[   11.178421]   Magic number: 2:183:619
[   11.203541] rtc_cmos rtc_cmos: setting system clock to 2018-01-28 05:37:34 UTC (1517117854)
[   11.245021] BIOS EDD facility v0.16 2004-Jun-25, 0 devices found
[   11.274321] EDD information not available.
[   11.288482] Freeing unused kernel memory: 1508K
[   11.289875] Write protecting the kernel read-only data: 14336k
[   11.293636] Freeing unused kernel memory: 1728K
[   11.312711] Freeing unused kernel memory: 108K
[   11.353027] tsc: Refined TSC clocksource calibration: 2592.866 MHz
[   11.365313] clocksource: tsc: mask: 0xffffffffffffffff max_cycles: 0x255fe8a8ba9, max_idle_ns: 440795243501 ns
Loading, please wait...
starting version 229
[   11.441321] random: systemd-udevd: uninitialized urandom read (16 bytes read, 5 bits of entropy available)
[   11.443755] random: udevadm: uninitialized urandom read (16 bytes read, 5 bits of entropy available)
[   11.443791] random: udevadm: uninitialized urandom read (16 bytes read, 5 bits of entropy available)
[   11.497619] random: udevadm: uninitialized urandom read (16 bytes read, 5 bits of entropy available)
[   11.497686] random: udevadm: uninitialized urandom read (16 bytes read, 5 bits of entropy available)
[   11.497909] random: udevadm: uninitialized urandom read (16 bytes read, 5 bits of entropy available)
[   11.498000] random: udevadm: uninitialized urandom read (16 bytes read, 5 bits of entropy available)
[   11.498598] random: udevadm: uninitialized urandom read (16 bytes read, 5 bits of entropy available)
[   11.498723] random: udevadm: uninitialized urandom read (16 bytes read, 5 bits of entropy available)
[   11.498828] random: udevadm: uninitialized urandom read (16 bytes read, 5 bits of entropy available)
[   11.768816] e1000: Intel(R) PRO/1000 Network Driver - version 7.3.21-k8-NAPI
[   11.797212] e1000: Copyright (c) 1999-2006 Intel Corporation.
[   11.844512] Fusion MPT base driver 3.04.20
[   11.863361] Copyright (c) 1999-2008 LSI Corporation
[   11.888112] AVX2 version of gcm_enc/dec engaged.
[   11.938119] AES CTR mode by8 optimization enabled
[   11.987204] Fusion MPT SPI Host driver 3.04.20
[   12.107653] input: ImExPS/2 Generic Explorer Mouse as /devices/platform/i8042/serio1/input/input4
[   12.932578] e1000 0000:00:03.0 eth0: (PCI:33MHz:32-bit) 02:1f:2a:60:99:e3
[   12.975658] e1000 0000:00:03.0 eth0: Intel(R) PRO/1000 Network Connection
[   12.993223] mptbase: ioc0: Initiating bringup
[   12.999626] e1000 0000:00:03.0 enp0s3: renamed from eth0
[   13.389305] ioc0: LSI53C1030 A0: Capabilities={Initiator}
[   14.156719] scsi host2: ioc0: LSI53C1030 A0, FwRev=00000000h, Ports=1, MaxQ=256, IRQ=20
[   14.294808] scsi 2:0:0:0: Direct-Access     VBOX     HARDDISK         1.0  PQ: 0 ANSI: 5
[   14.299016] scsi target2:0:0: Beginning Domain Validation
[   14.317101] scsi target2:0:0: Domain Validation skipping write tests
[   14.329532] scsi target2:0:0: Ending Domain Validation
[   14.332791] scsi target2:0:0: asynchronous
[   14.337077] scsi 2:0:1:0: Direct-Access     VBOX     HARDDISK         1.0  PQ: 0 ANSI: 5
[   14.342400] scsi target2:0:1: Beginning Domain Validation
[   14.357219] scsi target2:0:1: Domain Validation skipping write tests
[   14.392144] scsi target2:0:1: Ending Domain Validation
[   14.400484] scsi target2:0:1: asynchronous
[   14.426505] sd 2:0:0:0: Attached scsi generic sg0 type 0
[   14.428160] sd 2:0:0:0: [sda] 20971520 512-byte logical blocks: (10.7 GB/10.0 GiB)
[   14.428385] sd 2:0:0:0: [sda] Write Protect is off
[   14.429567] sd 2:0:0:0: [sda] Incomplete mode parameter data
[   14.429568] sd 2:0:0:0: [sda] Assuming drive cache: write through
[   14.430838]  sda: sda1
[   14.432138] sd 2:0:0:0: [sda] Attached SCSI disk
[   14.473655] sd 2:0:1:0: Attached scsi generic sg1 type 0
[   14.473885] sd 2:0:1:0: [sdb] 20480 512-byte logical blocks: (10.5 MB/10.0 MiB)
[   14.474042] sd 2:0:1:0: [sdb] Write Protect is off
[   14.474140] sd 2:0:1:0: [sdb] Incomplete mode parameter data
[   14.474141] sd 2:0:1:0: [sdb] Assuming drive cache: write through
[   14.488786] sd 2:0:1:0: [sdb] Attached SCSI disk
[   14.848994] floppy0: no floppy controllers found
Begin: Loading essential drivers[   16.760775] md: linear personality registered for level -1
 ... [   16.825991] md: multipath personality registered for level -4
[   16.856546] md: raid0 personality registered for level 0
[   16.864156] md: raid1 personality registered for level 1
[   16.973368] raid6: sse2x1   gen()  2182 MB/s
[   17.082450] raid6: sse2x1   xor()  2700 MB/s
[   17.178424] raid6: sse2x2   gen()  2665 MB/s
[   17.275268] raid6: sse2x2   xor()  1892 MB/s
[   17.356613] raid6: sse2x4   gen()  2001 MB/s
[   17.430396] raid6: sse2x4   xor()  2239 MB/s
[   17.515487] raid6: avx2x1   gen()  7455 MB/s
[   17.618453] raid6: avx2x2   gen()  8434 MB/s
[   17.698496] raid6: avx2x4   gen()  7270 MB/s
[   17.712326] raid6: using algorithm avx2x2 gen() 8434 MB/s
[   17.714288] raid6: using avx2x2 recovery algorithm
[   17.726097] xor: automatically using best checksumming function:
[   17.824348]    avx       : 13502.000 MB/sec
[   17.838709] async_tx: api initialized (async)
[   17.873708] md: raid6 personality registered for level 6
[   17.895729] md: raid5 personality registered for level 5
[   17.916146] md: raid4 personality registered for level 4
[   17.939345] md: raid10 personality registered for level 10
done.
Begin: Running /scripts/init-premount ... done.
Begin: Mounting root file system ... Begin: Running /scripts/local-top ... done.
Begin: Running /scripts/local-premount ... [   18.057190] Btrfs loaded
Scanning for Btrfs filesystems
done.
Warning: fsck no[   18.186969] EXT4-fs (sda1): mounted filesystem with ordered data mode. Opts: (null)
t present, so skipping root file system
done.
Begin: Running /scripts/local-bottom ... done.
Begin: Running /scripts/init-bottom ... done.
[   18.508048] systemd[1]: systemd 229 running in system mode. (+PAM +AUDIT +SELINUX +IMA +APPARMOR +SMACK +SYSVINIT +UTMP +LIBCRYPTSETUP +GCRYPT +GNUTLS +ACL +XZ -LZ4 +SECCOMP +BLKID +ELFUTILS +KMOD -IDN)
[   18.558796] systemd[1]: Detected virtualization oracle.
[   18.560596] systemd[1]: Detected architecture x86-64.

Welcome to [1mUbuntu 16.04.3 LTS[0m!

[   18.567846] systemd[1]: Set hostname to <ubuntu>.
[   18.603341] systemd[1]: Initializing machine ID from random generator.
[   18.615813] systemd[1]: Installed transient /etc/machine-id file.
[   18.836482] random: nonblocking pool is initialized
[   19.068719] systemd[1]: Listening on Syslog Socket.
[[0;32m  OK  [0m] Listening on Syslog Socket.
[   19.109401] systemd[1]: Listening on Journal Socket.
[[0;32m  OK  [0m] Listening on Journal Socket.
[   19.120598] systemd[1]: Set up automount Arbitrary Executable File Formats File System Automount Point.
[[0;32m  OK  [0m] Set up automount Arbitrary Executab...ats File System Automount Point.
[   19.157185] systemd[1]: Reached target Encrypted Volumes.
[[0;32m  OK  [0m] Reached target Encrypted Volumes.
[   19.192762] systemd[1]: Listening on Journal Socket (/dev/log).
[[0;32m  OK  [0m] Listening on Journal Socket (/dev/log).
[   19.243753] systemd[1]: Reached target Swap.
[[0;32m  OK  [0m] Reached target Swap.
[   19.268773] systemd[1]: Reached target User and Group Name Lookups.
[[0;32m  OK  [0m] Reached target User and Group Name Lookups.
[   19.303918] systemd[1]: Created slice User and Session Slice.
[[0;32m  OK  [0m] Created slice User and Session Slice.
[   19.338581] systemd[1]: Listening on LVM2 metadata daemon socket.
[[0;32m  OK  [0m] Listening on LVM2 metadata daemon socket.
[   19.384956] systemd[1]: Created slice System Slice.
[[0;32m  OK  [0m] Created slice System Slice.
[   19.414911] systemd[1]: Starting Create list of required static device nodes for the current kernel...
         Starting Create list of required st... nodes for the current kernel...
[   19.561067] systemd[1]: Starting Nameserver information manager...
         Starting Nameserver information manager...
[   19.639219] systemd[1]: Starting Load Kernel Modules...
[   1.669491] Loading iSCSI transport class v2.0-870.

         Starting Load Kernel Modules...
[   19.793501] iscsi: registered transport (tcp)
[   19.826463] systemd[1]: Mounting Debug File System...
         Mounting Debug File System...
[   19.848280] systemd[1]: Starting Uncomplicated firewall...
         Starting Uncomplicated firewall...
[   19.898677] systemd[1]: Reached target Slices.
[[0;32m  OK  [0m] Reached target Slices.
[   19.933987] iscsi: registered transport (iser)
[   19.984207] systemd[1]: Starting Set console keymap...
         Starting Set console keymap...
[   20.154995] systemd[1]: Mounting POSIX Message Queue File System...
         Mounting POSIX Message Queue File System...
[   20.199174] systemd[1]: Starting Remount Root and Kernel File Systems...
         Startin[   20.212508] EXT4-fs (sda1): re-mounted. Opts: (null)
g Remount Root and Kernel File Systems...
[   20.225546] systemd[1]: Listening on Journal Audit Socket.
[[0;32m  OK  [0m] Listening on Journal Audit Socket.
[   20.286906] systemd[1]: Starting Journal Service...
         Starting Journal Service...
[   20.299255] systemd[1]: Listening on /dev/initctl Compatibility Named Pipe.
[[0;32m  OK  [0m] Listening on /dev/initctl Compatibility Named Pipe.
[   20.358519] systemd[1]: Started Trigger resolvconf update for networkd DNS.
[[0;32m  OK  [0m] Started Trigger resolvconf update for networkd DNS.
[   20.402314] systemd[1]: Listening on LVM2 poll daemon socket.
[[0;32m  OK  [0m] Listening on LVM2 poll daemon socket.
[   20.456807] systemd[1]: Mounting Huge Pages File System...
         Mounting Huge Pages File System...
[   20.473316] systemd[1]: Listening on Device-mapper event daemon FIFOs.
[[0;32m  OK  [0m] Listening on Device-mapper event daemon FIFOs.
[   20.501886] systemd[1]: Starting Monitoring of LVM2 mirrors, snapshots etc. using dmeventd or progress polling...
         Starting Monitoring of LVM2 mirrors... dmeventd or progress polling...
[   20.543587] systemd[1]: Created slice system-serial\x2dgetty.slice.
[[0;32m  OK  [0m] Created slice system-serial\x2dgetty.slice.
[   20.554177] systemd[1]: Listening on udev Control Socket.
[[0;32m  OK  [0m] Listening on udev Control Socket.
[  20.588430] sysemd[1]: Listening on udev Kernel Socket.
[[0;32m  OK  [0m]  Listening on udev Kernel Socket.
[   0.726675] systemd[1]: Started Forward Passwod Requests to Wall Directory Watch.
[[0;32m  OK  [0m] Started Forward Password Requests to Wall Directory Watch.
[   21.109153] systemd[1]: Mounted Huge Pages File System.
[[0;32m  OK  [0m] Mounted Huge Pages File System.
[   21.232412] systemd[1]: Mounted Debug File System.
[[0;32m  OK  [0m] Mounted Debug File System.
[   21.249554] systemd[1]: Mounted POSIX Message Queue File System.
[[0;32m  OK  [0m] Mounted POSIX Message Queue File System.
[   21.256484] systemd[1]: Started Journal Service.
[[0;32m  OK  [0m] Started Journal Service.
[[0;32m  OK  [0m] Started Create list of required sta...ce nodes for the current kernel.
[[0;32m  OK  [0m] Started Load Kernel Modules.
[[0;32m  OK  [0m] Started Uncomplicated firewall.
[[0;32m  OK  [0m] Started Set console keymap.
[[0;32m  OK  [0m] Started Remount Root and Kernel File Systems.
[[0;32m  OK  [0m] Started Nameserver information manager.
[[0;32m  OK  [0m] Started LVM2 metadata daemon.
         Starting Load/Save Random Seed...
         Starting udev Coldplug all Devices...
         Starting Initial cloud-init job (pre-networking)...
         Mounting FUSE Control File System...
         Starting Apply Kernel Variables...
         Starting Create Static Device Nodes in /dev...
         Starting Flush Journal to Persistent Storage...
[[0;32m  OK  [0m] Mounted FUSE Control File System.
[[0;32m  OK  [0m] Started Load/Save Random Seed.
[[0;32m  OK  [0m] Started Apply Kernel Variables.
[[0;32m  OK  [0m] Started Create Static Device Nodes in /dev.
[[0;32m  OK  [0m] Started udev Coldplug all Devices.
[[0;32m  OK  [0m] Started Monitoring of LVM2 mirrors,...ng dmeventd or progress polling.
[[0;32m  OK  [0m] Started Flush Journal to Persistent Storage.
         Starting udev Kernel Device Manager...
[[0;32m  OK  [0m] Started udev Kernel Device Manager.
[[0;32m  OK  [0m] Reached target Local File Systems (Pre).
[[0;32m  OK  [0m] Reached target Local File Systems.
         Starting Tell Plymouth To Write Out Runtime Data...
         Starting Create Volatile Files and Directories...
         Starting Set console font and keymap...
         Starting LSB: AppArmor initialization...
         Starting Commit a transient machine-id on disk...
[[0;32m  OK  [0m] Started Dispatch Password Requests to Console Directory Watch.
[[0;32m  OK  [0m] Started Tell Plymouth To Write Out Runtime Data.
[[0;32m  OK  [0m] Started Create Volatile Files and Directories.
[[0;32m  OK  [0m] Started Commit a transient machine-id on disk.
[[0;32m  OK  [0m] Reached target System Time Synchronized.
         Starting Update UTMP about System Boot/Shutdown...
[[0;32m  OK  [0m] Started Update UTMP about System Boot/Shutdown.
[[0;32m  OK  [0m] Found device /dev/ttyS0.
[[0;32m  OK  [0m] Listening on Load/Save RF Kill Switch Status /dev/rfkill Watch.
[[0;32m  OK  [0m] Started Initial cloud-init job (pre-networking).
[   23.906923] cloud-init[455]: Cloud-init v. 17.1 running 'init-local' at Sun, 28 Jan 2018 05:37:48 +0000. Up 22.21 seconds.
[[0;32m  OK  [0m] Reached target Network (Pre).
[[0;32m  OK  [0m] Started LSB: AppArmor initialization.
         Starting Raise network interfaces...
[[0;32m  OK  [0m] Started Set console font and keymap.
[[0;32m  OK  [0m] Created slice system-getty.slice.
[[0;32m  OK  [0m] Started Raise network interfaces.
[[0;32m  OK  [0m] Reached target Network.
         Starting Initial cloud-init job (metadata service crawler)...
[   30.746870] cloud-init[950]: Cloud-init v. 17.1 running 'init' at Sun, 28 Jan 2018 05:37:54 +0000. Up 28.04 seconds.
[   30.798655] cloud-init[950]: ci-info: +++++++++++++++++++++++++++++++++++++Net device info++++++++++++++++++++++++++++++++++++++
[   30.822568] cloud-init[950]: ci-info: +--------+------+----------------------------+---------------+-------+-------------------+
[   30.853513] cloud-init[950]: ci-info: | Device |  Up  |          Address           |      Mask     | Scope |     Hw-Address    |
[   30.858356] cloud-init[950]: ci-info: +--------+------+----------------------------+---------------+-------+-------------------+
[   30.884765] cloud-init[950]: ci-info: | enp0s3 | True |         10.0.2.15          | 255.255.255.0 |   .   | 02:1f:2a:60:99:e3 |
[   30.926741] cloud-init[950]: ci-info: | enp0s3 | True | fe80::1f:2aff:fe60:99e3/64 |       .       |  link | 02:1f:2a:60:99:e3 |
[   30.966930] cloud-init[950]: ci-info: |   lo   | True |         127.0.0.1          |   255.0.0.0   |   .   |         .         |
[   30.985133] cloud-init[950]: ci-info: |   lo   | True |          ::1/128           |       .       |  host |         .         |
[[0;32m  OK  [0m] Started Initial cloud-init job (metadata service crawler).
[[0;32m  OK  [0m] Reached target Cloud-config availability.
[[0;32m  OK  [0m] Reached target System Initialization.
[   31.051348] cloud-init[950]: ci-info: +--------+------+----------------------------+---------------+-------+-------------------+
[   31.197478] cloud-init[950]: ci-info: +++++++++++++++++++++++++++Route IPv4 info++++++++++++++++++++++++++++
[[0;32m  OK  [0m] Started ACPI Events Check.
[   31.201233] [cloud-init[0;32m  OK  [0m[950]: ] ci-info: +-------+-------------+----------+---------------+-----------+-------+Reached target Paths.

[   31.247808] [[0;32m  OK  [0m] Listening on UUID daemon activation socket.
cloud-init[950]: ci-info: | Route | Destination | Gateway  |    Genmask    | Interface | Flags |
[   31.334083]          cloud-initStarting Socket activation for snappy daemon.[950]: 
ci-info: +-------+-------------+----------+---------------+-----------+-------+
[   31.366695]          cloud-initStarting LXD - unix socket.[950]: 
ci-info: |   0   |   0.0.0.0   | 10.0.2.2 |    0.0.0.0    |   enp0s3  |   UG  |
[   31.443236] cloud-init[950]: ci-info: |   1   |   10.0.2.0  | 0.0.0.0  | 255.255.255.0 |   enp0s3  |   U   |
[   31.446143] cloud-init[950]: ci-info: +-------+-------------+----------+---------------+-----------+-------+
[   31.446518] cloud-init[950]: Generating public/private rsa key pair.
[   31.446607] cloud-init[950]: Your identification has been saved in /etc/ssh/ssh_host_rsa_key.
[   31.446707] cloud-init[950]: Your public key has been saved in /etc/ssh/ssh_host_rsa_key.pub.
[   31.446806] cloud-init[950]: The key fingerprint is:
[   31.446937] cloud-init[950]: SHA256:W+sck4hpw54AvTQVreY3U506OqYqG2cRPENWQWMZXg0 root@ubuntu-xenial
[   31.447075] cloud-init[950]: The key's randomart image is:
[   31.447170] cloud-init[950]: +---[RSA 2048]----+
[   31.447251] cloud-init[950]: |    ooO=Eo       |
[[0;32m  OK  [0m] Listening on D-Bus System Message Bus Socket.
[   31.447319] [cloud-init[0;32m  OK  [0m[950]: ] |   + o.+. .      |Listening on ACPID Listen Socket.

[   31.636933] [[0;32m  OK  [0m] Started Daily Cleanup of Temporary Directories.
cloud-init[950]: |    = o.   . .   |
[   31.757371] [[0;32m  OK  [0m] Started Timer to automatically refresh installed snaps.
[[0;32m  OK  [0m] Reached target Network is Online.
cloud-init[950]: |   . =o   . o    |
[   31.770030] cloud-init[950]: |  . =o  S...     |
         Starting iSCSI initiator daemon (iscsid)...
[[0;32m  OK  [0m] Started Daily apt download activities.
[[0;32m  OK  [0m] Started Daily apt upgrade and clean activities.
[   31.816218] cloud-init[950]: |   o =.o++oo     |
[   31.901670] cloud-init[950]: |  . = *.o+=.     |
[   31.901786] cloud-init[950]: |  .+ + o+o o     |
[   31.901865] cloud-init[950]: |  .o..+o .o      |
[   31.902332] cloud-init[950]: +----[SHA256]-----+
[   31.902424] cloud-init[950]: Generating public/private dsa key pair.
[   31.902605] cloud-init[950]: Your identification has been saved in /etc/ssh/ssh_host_dsa_key.
[   31.902685] cloud-init[950]: Your public key has been saved in /etc/ssh/ssh_host_dsa_key.pub.
[   31.902992] cloud-init[950]: The key fingerprint is:
[   31.903071] cloud-init[950]: SHA256:MAfaGtv62UBrBFVyNTA4WlRY/qzo0cQZ9f8RW9gfuuY root@ubuntu-xenial
[   31.903143] cloud-init[950]: The key's randomart image is:
[   31.903239] cloud-init[950]: +---[DSA 1024]----+
[   31.903315] cloud-init[950]: |     .=*Bo+      |
[   31.903386] cloud-init[950]: |     +== o o   o |
[   31.903473] cloud-init[950]: |    +o+.+   . .oo|
[   31.903545] cloud-init[950]: |    .* = =   .. *|
[   31.903618] cloud-init[950]: |    o + S o  ..o.|
[   31.903696] cloud-init[950]: |     + = .    ...|
[   31.903877] cloud-init[950]: |    . * o    o  .|
[   31.904030] cloud-init[950]: |     + =    o    |
[   31.904226] cloud-init[950]: |      + .    E   |
[   31.904320] cloud-init[950]: +----[SHA256]-----+
[   31.904412] cloud-init[950]: Generating public/private ecdsa key pair.
[   31.904516] cloud-init[950]: Your identification has been saved in /etc/ssh/ssh_host_ecdsa_key.
[   31.904597] cloud-init[950]: Your public key has been saved in /etc/ssh/ssh_host_ecdsa_key.pub.
[   31.904686] cloud-init[950]: The key fingerprint is:
[   31.904799] cloud-init[950]: SHA256:5/D4zkGSaCJMDByRGG5HOAfAW0da4bCqfZFMNJ56fn4 root@ubuntu-xenial
[   31.904890] cloud-init[950]: The key's randomart image is:
[   31.904976] cloud-init[950]: +---[ECDSA 256]---+
[   31.905061] cloud-init[950]: |O=*o++.          |
[   31.905141] cloud-init[950]: |oO.=*+           |
[   31.905247] cloud-init[950]: | oB+=.           |
[   31.905337] cloud-init[950]: |.+o+ . . .       |
[   31.905425] cloud-init[950]: | .+ * o S o      |
[   31.905513] cloud-init[950]: |.. + +   O       |
[   31.905609] cloud-init[950]: |. . o . . +      |
[   31.905688] cloud-init[950]: |   . o  Eo .     |
[   31.905814] cloud-init[950]: |      .. .+      |
[   31.905897] cloud-init[950]: +----[SHA256]-----+
[   31.905971] cloud-init[950]: Generating public/private ed25519 key pair.
[   31.906045] cloud-init[950]: Your identification has been saved in /etc/ssh/ssh_host_ed25519_key.
[   31.906121] cloud-init[950]: Your public key has been saved in /etc/ssh/ssh_host_ed25519_key.pub.
[   31.906197] cloud-init[950]: The key fingerprint is:
[   31.906292] cloud-init[950]: SHA256:KdbGVuk9sLNFvPBi8NOm2gkEwXQ6O0Bm9nm9yYkpAc8 root@ubuntu-xenial
[   31.906359] cloud-init[950]: The key's randomart image is:
[   31.906431] cloud-init[950]: +--[ED25519 256]--+
[   31.906510] cloud-init[950]: |    *oo .        |
[   31.906592] cloud-init[950]: |   = =.= . o     |
[   31.906679] cloud-init[950]: |    . E o * o    |
[   31.907930] cloud-init[950]: |     . O X % .   |
[   31.908043] cloud-init[950]: |      * S & O    |
[   31.908128] cloud-init[950]: |     . B . O .   |
[[0;32m  OK  [0m] Reached target Timers.
[[0;32m  OK  [0m] Listening on Socket activation for snappy daemon.
[[0;32m  OK  [0m] Listening on LXD - unix socket.
[   31.908214] cloud-init[950]: |        . o      |
[   32.635321] cloud-init[950]: |         + .     |
[   32.736000] cloud-init[950]: |        . o      |
[   32.768973] cloud-init[950]: +----[SHA256]-----+
[[0;32m  OK  [0m] Started iSCSI initiator daemon (iscsid).
         Starting Login to default iSCSI targets...
[[0;32m  OK  [0m] Reached target Sockets.
[[0;32m  OK  [0m] Reached target Basic System.
[[0;32m  OK  [0m] Started FUSE filesystem for LXC.
[[0;32m  OK  [0m] Started ACPI event daemon.
         Starting LSB: Record successful boot for GRUB...
         Starting /etc/rc.local Compatibility...
         Starting Accounts Service...
[[0;32m  OK  [0m] Started Unattended Upgrades Shutdown.
         Starting Pollinate to seed the pseudo random number generator...
         Starting Login Service...
         Starting Apply the settings specified in cloud-config...
[[0;32m  OK  [0m] Started Deferred execution scheduler.
         Starting System Logging Service...
         Starting LXD - container startup/shutdown...
[[0;32m  OK  [0m] Started D-Bus System Message Bus.
[[0;32m  OK  [0m] Started Regular background program processing daemon.
         Starting LSB: MD monitoring daemon...
         Starting Snappy daemon...
[[0;32m  OK  [0m] Started System Logging Service.
[[0;32m  OK  [0m] Started /etc/rc.local Compatibility.
[[0;32m  OK  [0m] Started LXD - container startup/shutdown.
[[0;32m  OK  [0m] Started LSB: Record successful boot for GRUB.
[[0;32m  OK  [0m] Started Login to default iSCSI targets.
[[0;32m  OK  [0m] Started Snappy daemon.
[[0;32m  OK  [0m] Started LSB: MD monitoring daemon.
[[0;32m  OK  [0m] Started Login Service.
         Starting Authenticate and Authorize Users to Run Privileged Tasks...
[[0;32m  OK  [0m] Reached target Remote File Systems (Pre).
[[0;32m  OK  [0m] Reached target Remote File Systems.
         Starting Permit User Sessions...
         Starting LSB: Set the CPU Frequency Scaling governor to "ondemand"...
         Starting LSB: automatic crash report generation...
         Starting LSB: daemon to balance interrupts for SMP systems...
         Starting LSB: VirtualBox Linux Additions...
[[0;32m  OK  [0m] Started Permit User Sessions.
[[0;32m  OK  [0m] Started Authenticate and Authorize Users to Run Privileged Tasks.
[[0;32m  OK  [0m] Started Accounts Service.
         Starting Hold until boot process finishes up...
         Starting Terminate Plymouth Boot Screen...
[[0;32m  OK  [0m] Started Pollinate to seed the pseudo random number generator.
[[0;32m  OK  [0m] Started LSB: Set the CPU Frequency Scaling governor to "ondemand".
[[0;32m  OK  [0m] Started LSB: automatic crash report generation.
[[0;32m  OK  [0m] Started LSB: daemon to balance interrupts for SMP systems.
[[0;32m  OK  [0m] Started Hold until boot process finishes up.
[[0;32m  OK  [0m] Started Terminate Plymouth Boot Screen.
[[0;32m  OK  [0m] Started LSB: VirtualBox Linux Additions.
         Starting Set console scheme...
[[0;32m  OK  [0m] Started Serial Getty on ttyS0.
[[0;32m  OK  [0m] Started Getty on tty1.
[[0;32m  OK  [0m] Reached target Login Prompts.
         Starting OpenBSD Secure Shell server...
[[0;32m  OK  [0m] Started Set console scheme.
[[0;32m  OK  [0m] Started OpenBSD Secure Shell server.
[   36.039179] cloud-init[1080]: Generating locales (this might take a while)...
[[0;32m  OK  [0m] Reached target Multi-User System.
[[0;32m  OK  [0m] Reached target Graphical Interface.
         Starting Update UTMP about System Runlevel Changes...
[[0;32m  OK  [0m] Started Update UTMP about System Runlevel Changes.
[   39.189785] cloud-init[1080]:   en_US.UTF-8... done
[   39.353385] cloud-init[1080]: Generation complete.
[   40.371735] cloud-init[1080]: Cloud-init v. 17.1 running 'modules:config' at Sun, 28 Jan 2018 05:38:01 +0000. Up 35.20 seconds.
[[0;32m  OK  [0m] Started Apply the settings specified in cloud-config.
         Starting Execute cloud user/final scripts...

Ubuntu 16.04.3 LTS ubuntu-xenial ttyS0

ubuntu-xenial login: ci-info: no authorized ssh keys fingerprints found for user ubuntu.
<14>Jan 28 05:38:08 ec2: 
<14>Jan 28 05:38:08 ec2: #############################################################
<14>Jan 28 05:38:08 ec2: -----BEGIN SSH HOST KEY FINGERPRINTS-----
<14>Jan 28 05:38:08 ec2: 1024 SHA256:MAfaGtv62UBrBFVyNTA4WlRY/qzo0cQZ9f8RW9gfuuY root@ubuntu-xenial (DSA)
<14>Jan 28 05:38:08 ec2: 256 SHA256:5/D4zkGSaCJMDByRGG5HOAfAW0da4bCqfZFMNJ56fn4 root@ubuntu-xenial (ECDSA)
<14>Jan 28 05:38:08 ec2: 256 SHA256:KdbGVuk9sLNFvPBi8NOm2gkEwXQ6O0Bm9nm9yYkpAc8 root@ubuntu-xenial (ED25519)
<14>Jan 28 05:38:08 ec2: 2048 SHA256:W+sck4hpw54AvTQVreY3U506OqYqG2cRPENWQWMZXg0 root@ubuntu-xenial (RSA)
<14>Jan 28 05:38:08 ec2: -----END SSH HOST KEY FINGERPRINTS-----
<14>Jan 28 05:38:08 ec2: #############################################################
-----BEGIN SSH HOST KEY KEYS-----
ecdsa-sha2-nistp256 AAAAE2VjZHNhLXNoYTItbmlzdHAyNTYAAAAIbmlzdHAyNTYAAABBBLHWmUG+Jp9KG6VHi8DovYGC/eiXfa2HMiuaGrnaGW81kAEAgk7/VvL6yR4EYHUUqX1b6DxkGW8oRjdd2kTbqa0= root@ubuntu-xenial
ssh-ed25519 AAAAC3NzaC1lZDI1NTE5AAAAIOhpMcsUww1ptPY3KYeUJ3FG5RdLGHHJKPgdEVIA15Iv root@ubuntu-xenial
ssh-rsa AAAAB3NzaC1yc2EAAAADAQABAAABAQClYA2Ypla/cHAqsI45FmyWGJEfMU1TzmD57ogTwo9YIneCMZusg0WrPnppv9MGrE1ZuGInNvtqucRkEUu+mS7Yupi+Hdz0+XSYF7Tx/GITf1fVJSMfgbx0T0sEyWF2FegfYq3TZ8zHI2TxF2HAa3V8wd8J2aapf/JnzAbw5kvxOX/cO3lNIPdAOTVQzHrIKGmGdBILmrg9ysyU/72T5x29fxzZ0lJU8RPr5ZTjlPO/bgVebdd4xhbrMNMORSWtFBvABPcaPysRBuhayWUqgJoYs3WQqeIUt12ZiBLjgWdQkgfyKvbWWnBuQq8ntCgezXK7VEYjYdSJ91MJaGEq4eK1 root@ubuntu-xenial
-----END SSH HOST KEY KEYS-----
[   42.740614] cloud-init[1310]: Cloud-init v. 17.1 running 'modules:final' at Sun, 28 Jan 2018 05:38:08 +0000. Up 41.98 seconds.
[   42.741003] cloud-init[1310]: ci-info: no authorized ssh keys fingerprints found for user ubuntu.
[   42.741221] cloud-init[1310]: Cloud-init v. 17.1 finished at Sun, 28 Jan 2018 05:38:08 +0000. Datasource DataSourceNoCloud [seed=/dev/sdb][dsmode=net].  Up 42.66 seconds
         Stopping Session 4 of user vagrant.
[[0;32m  OK  [0m] Stopped target Timers.
[[0;32m  OK  [0m] Stopped target Cloud-init target.
[[0;32m  OK  [0m] Stopped Daily Cleanup of Temporary Directories.
         Stopping Authenticate and Authorize Users to Run Privileged Tasks...
[[0;32m  OK  [0m] Stopped Daily apt upgrade and clean t[[0;32m  OK  [0m] Unmounted /var/lib/lxcfs.
[[0;32m  OK  [0m] Stopped ACPI event daemon.
[[0;32m  OK  [0m] Stopped Accounts Service.
[[0;32m  OK  [0m] Stopped Deferred execution scheduler.
[[0;32m  OK  [0m] Stopped System Logging Service.
[[0;32m  OK  [0m] Stopped Regular background program processing daemon.
[[0;32m  OK  [0m] Stopped Snappy daemon.
[[0;32m  OK  [0m] Stopped Authenticate and Authorize Users to Run Privileged Tasks.
[[0;32m  OK  [0m] Stopped Serial Getty on ttyS0.
[[0;32m  OK  [0m] Stopped Getty on tty1.
[[0;32m  OK  [0m] Stopped OpenBSD Secure Shell server.
[[0;32m  OK  [0m] Stopped Puppet agent.
[[0;32m  OK  [0m] Stopped The PHP 7.0 FastCGI Process Manager.
[[0;32m  OK  [0m] Stopped User Manager for UID 1000.
[[0;32m  OK  [0m] Stopped Session 4 of user vagrant.
[[0;32m  OK  [0m] Stopped A high performance web server and a reverse proxy server.
[[0;32m  OK  [0m] Stopped D-Bus System Message Bus.
[[[0;32m  OK  [0m] Stopped Unattended Upgrades Shutdown.
[[0;32m  OK  [0m] Stopped FUSE filesystem for LXC.
[[0;32m  OK  [0m] Stopped LXD - container startup/shutdown.
[[0;32m  OK  [0m] Stopped LSB: Set the CPU Frequency Scaling governor to "ondemand".
[[0;32m  OK  [0m] Stopped LSB: automatic crash report generation.
[[0;32m  OK  [0m] Stopped LSB: Record successful boot for GRUB.
[[0;32m  OK  [0m] Stopped LSB: VirtualBox Linux Additions.
[[0;32m  OK  [0m] Stopped LSB: MD monitoring daemon.
[[0;32m  OK  [0m] Stopped LSB: daemon to balance interrupts for SMP systems.
[[0;32m  OK  [0m] Removed slice User Slice of vagrant.
         Stopping Login Service...
[[0;32m  OK  [0m] Removed slice system-getty.slice.
[[0;32m  OK  [0m] Removed slice system-serial\x2dgetty.slice.
[[0;32m  OK  [0m] Stopped /etc/rc.local Compatibility.
         Stopping Permit User Sessions...
[[0;32m  OK  [0m] Stopped Login Service.
[[0;32m  OK  [0m] Stopped Permit User Sessions.
[[0;32m  OK  [0m] Stopped target Remote File Systems.
[[0;32m  OK  [0m] Stopped target Remote File Systems (Pre).
         Stopping Login to default iSCSI targets...
[[0;32m  OK  [0m] Stopped target User and Group Name Lookups.
[[0;32m  OK  [0m] Stopped target Basic System.
[[0;32m  OK  [0m] Stopped target Sockets.
[[0;32m  OK  [0m] Closed UUID daemon activation socket.
[[0;32m  OK  [0m] Closed Socket activation for snappy daemon.
[[0;32m  OK  [0m] Closed Syslog Socket.
[[0;32m  OK  [0m] Closed D-Bus System Message Bus Socket.
[[0;32m  OK  [0m] Closed LXD - unix socket.
[[0;32m  OK  [0m] Closed ACPID Listen Socket.
[[0;32m  OK  [0m] Stopped target Slices.
[[0;32m  OK  [0m] Stopped target Paths.
[[0;32m  OK  [0m] Stopped ACPI Events Check.
[[0;32m  OK  [0m] Stopped target System Initialization.
[[0;32m  OK  [0m] Stopped target Swap.
         Stopping Load/Save Random Seed...
         Stopping Update UTMP about System Boot/Shutdown...
[[0;32m  OK  [0m] Stopped target Encrypted Volumes.
[[0;32m  OK  [0m] Stopped Commit a transient machine-id on disk.
[[0;32m  OK  [0m] Stopped Forward Password Requests to Wall Directory Watch.
[[0;32m  OK  [0m] Stopped Dispatch Password Requests to Console Directory Watch.
[[0;32m  OK  [0m] Removed slice User and Session Slice.
[[0;32m  OK  [0m] Stopped Load/Save Random Seed.
[[0;32m  OK  [0m] Stopped Login to default iSCSI targets.
[[0;32m  OK  [0m] Stopped Update UTMP about System Boot/Shutdown.
[[0;32m  OK  [0m] Stopped Create Volatile Files and Directories.
         Stopping iSCSI initiator daemon (iscsid)...
[[0;32m  OK  [0m] Stopped iSCSI initiator daemon (iscsid).
[[0;32m  OK  [0m] Stopped target Network is Online.
[[0;32m  OK  [0m] Stopped Initial cloud-init job (metadata service crawler).
[[0;32m  OK  [0m] Stopped target Network.
         Stopping Raise network interfaces...
[[0;32m  OK  [0m] Stopped Raise network interfaces.
[[0;32m  OK  [0m] Stopped target Network (Pre).
[[0;32m  OK  [0m] Stopped Initial cloud-init job (pre-networking).
[[0;32m  OK  [0m] Stopped target Local File Systems.
         Unmounting /run/user/1000...
         Unmounting /tmp/vagrant-puppet/mani...018e2aa141a5eb79a64b4015fc5f3...
         Unmounting /var/www...
         Unmounting /tmp/vagrant-puppet/modu...c9ecc743135c9e1d090c386da5ea1...
         Unmounting /vagrant...
[[0;32m  OK  [0m] Stopped Apply Kernel Variables.
[[0;32m  OK  [0m] Stopped Load Kernel Modules.
[[0;32m  OK  [0m] Unmounted /run/user/1000.
[[0;32m  OK  [0m] Unmounted /tmp/vagrant-puppet/manif...46018e2aa141a5eb79a64b4015fc5f3.
[[0;32m  OK  [0m] Unmounted /var/www.
[[0;32m  OK  [0m] Unmounted /tmp/vagrant-puppet/modul...4dc9ecc743135c9e1d090c386da5ea1.
[[0;32m  OK  [0m] Unmounted /vagrant.
[[0;32m  OK  [0m] Reached target Unmount All Filesystems.
[[0;32m  OK  [0m] Stopped target Local File Systems (Pre).
         Stopping Monitoring of LVM2 mirrors... dmeventd or progress polling...
[[0;32m  OK  [0m] Stopped Create Static Device Nodes in /dev.
[[0;32m  OK  [0m] Stopped Remount Root and Kernel File Systems.
[[0;32m  OK  [0m] Reached target Shutdown.
[  607.454724] reboot: Power down
